<?xml version="1.0" encoding="UTF-8"?>
<testsuite xmlns:xsi="http://www.w3.org/2001/XMLSchema-instance" xsi:noNamespaceSchemaLocation="https://maven.apache.org/surefire/maven-surefire-plugin/xsd/surefire-test-report.xsd" name="RegistrationTest" time="11.604" tests="2" errors="0" skipped="0" failures="0">
  <properties>
[...]
</properties>
  <testcase name="successRegistrateUserTest" classname="RegistrationTest" time="6.639"/>
  <testcase name="registrateUserWithShortPasswordTest" classname="RegistrationTest" time="4.962"/>
</testsuite>